[debug] [2020-03-19T20:06:41.244Z] ----------------------------------------------------------------------
[debug] [2020-03-19T20:06:41.245Z] Command:       /usr/local/bin/node /usr/local/bin/firebase serve --only functions
[debug] [2020-03-19T20:06:41.245Z] CLI Version:   7.15.1
[debug] [2020-03-19T20:06:41.245Z] Platform:      linux
[debug] [2020-03-19T20:06:41.245Z] Node Version:  v13.11.0
[debug] [2020-03-19T20:06:41.246Z] Time:          Thu Mar 19 2020 17:06:41 GMT-0300 (hora estándar de Argentina)
[debug] [2020-03-19T20:06:41.246Z] ----------------------------------------------------------------------
[debug] [2020-03-19T20:06:41.246Z] 
[debug] [2020-03-19T20:06:41.251Z] > command requires scopes: ["email","openid","https://www.googleapis.com/auth/cloudplatformprojects.readonly","https://www.googleapis.com/auth/firebase","https://www.googleapis.com/auth/cloud-platform"]
[debug] [2020-03-19T20:06:41.251Z] > authorizing via signed-in user
[debug] [2020-03-19T20:06:41.251Z] [iam] checking project lovable-qr for permissions ["firebase.projects.get"]
[debug] [2020-03-19T20:06:41.252Z] >>> HTTP REQUEST POST https://cloudresourcemanager.googleapis.com/v1/projects/lovable-qr:testIamPermissions  

[debug] [2020-03-19T20:06:42.490Z] <<< HTTP RESPONSE 200
[debug] [2020-03-19T20:06:42.495Z] >>> HTTP REQUEST GET https://firebase.googleapis.com/v1beta1/projects/lovable-qr  
 
[debug] [2020-03-19T20:06:42.879Z] <<< HTTP RESPONSE 200
[warn] ⚠  Your requested "node" version "8" doesn't match your global version "13"
[info] ✔  functions: functions emulator started at http://localhost:5000
[info] i  functions: Watching "/home/ivan/local/PersonalRepository/bootcamp/01-Estructura-de-datos/lovable/functions" for Cloud Functions...
[debug] [2020-03-19T20:06:42.950Z] [worker-pool] addWorker(~diagnostic~)
[debug] [2020-03-19T20:06:42.950Z] [worker-pool] Adding worker with key ~diagnostic~, total=1
[debug] [2020-03-19T20:06:42.951Z] [worker-pool] submitWork(triggerId=)
[debug] [2020-03-19T20:06:42.951Z] [worker-~diagnostic~-67740d9d-ad8a-4d35-a944-81ec7c285487]: Assigning socketPath: /tmp/fire_emu_29077.sock
[debug] [2020-03-19T20:06:42.951Z] [worker-~diagnostic~-67740d9d-ad8a-4d35-a944-81ec7c285487]: BUSY
[debug] [2020-03-19T20:06:43.180Z] [runtime-status] [29077] Functions runtime initialized. {"cwd":"/home/ivan/local/PersonalRepository/bootcamp/01-Estructura-de-datos/lovable/functions","node_version":"13.11.0"}
[debug] [2020-03-19T20:06:43.181Z] [runtime-status] [29077] Disabled runtime features: {"functions_config_helper":true,"network_filtering":true,"timeout":true,"memory_limiting":true,"admin_stubs":true,"pubsub_emulator":true}
[warn] ⚠  The Cloud Functions emulator requires the module "firebase-admin" to be installed. This package is in your package.json, but it's not available. You probably need to run "npm install" in your functions directory.
[info] i  functions: Your functions could not be parsed due to an issue with your node_modules (see above)
[debug] [2020-03-19T20:06:43.195Z] [worker-~diagnostic~-67740d9d-ad8a-4d35-a944-81ec7c285487]: exited
[debug] [2020-03-19T20:06:43.195Z] [worker-~diagnostic~-67740d9d-ad8a-4d35-a944-81ec7c285487]: FINISHED
[debug] [2020-03-20T18:17:13.582Z] ----------------------------------------------------------------------
[debug] [2020-03-20T18:17:13.584Z] Command:       /usr/local/bin/node /usr/local/bin/firebase serve --only functions
[debug] [2020-03-20T18:17:13.584Z] CLI Version:   7.15.1
[debug] [2020-03-20T18:17:13.584Z] Platform:      linux
[debug] [2020-03-20T18:17:13.584Z] Node Version:  v13.11.0
[debug] [2020-03-20T18:17:13.585Z] Time:          Fri Mar 20 2020 15:17:13 GMT-0300 (hora estándar de Argentina)
[debug] [2020-03-20T18:17:13.585Z] ----------------------------------------------------------------------
[debug] [2020-03-20T18:17:13.585Z] 
[debug] [2020-03-20T18:17:13.614Z] > command requires scopes: ["email","openid","https://www.googleapis.com/auth/cloudplatformprojects.readonly","https://www.googleapis.com/auth/firebase","https://www.googleapis.com/auth/cloud-platform"]
[debug] [2020-03-20T18:17:13.614Z] > authorizing via signed-in user
[debug] [2020-03-20T18:17:13.614Z] [iam] checking project lovable-qr for permissions ["firebase.projects.get"]
[debug] [2020-03-20T18:17:13.615Z] > refreshing access token with scopes: ["email","https://www.googleapis.com/auth/cloud-platform","https://www.googleapis.com/auth/cloudplatformprojects.readonly","https://www.googleapis.com/auth/firebase","openid"]
[debug] [2020-03-20T18:17:13.616Z] >>> HTTP REQUEST POST https://www.googleapis.com/oauth2/v3/token  
 <request body omitted>
[debug] [2020-03-20T18:17:13.746Z] <<< HTTP RESPONSE 200
[debug] [2020-03-20T18:17:13.818Z] >>> HTTP REQUEST POST https://cloudresourcemanager.googleapis.com/v1/projects/lovable-qr:testIamPermissions  

[debug] [2020-03-20T18:17:14.946Z] <<< HTTP RESPONSE 200
[debug] [2020-03-20T18:17:14.947Z] >>> HTTP REQUEST GET https://firebase.googleapis.com/v1beta1/projects/lovable-qr  
 
[debug] [2020-03-20T18:17:15.266Z] <<< HTTP RESPONSE 200
[warn] ⚠  Your requested "node" version "8" doesn't match your global version "13"
[info] ✔  functions: functions emulator started at http://localhost:5000
[info] i  functions: Watching "/home/ivan/local/PersonalRepository/bootcamp/01-Estructura-de-datos/lovable/functions" for Cloud Functions...
[debug] [2020-03-20T18:17:15.293Z] [worker-pool] addWorker(~diagnostic~)
[debug] [2020-03-20T18:17:15.293Z] [worker-pool] Adding worker with key ~diagnostic~, total=1
[debug] [2020-03-20T18:17:15.293Z] [worker-pool] submitWork(triggerId=)
[debug] [2020-03-20T18:17:15.294Z] [worker-~diagnostic~-dd08a265-0d7b-4ad1-9127-b74977c9701e]: Assigning socketPath: /tmp/fire_emu_24676.sock
[debug] [2020-03-20T18:17:15.294Z] [worker-~diagnostic~-dd08a265-0d7b-4ad1-9127-b74977c9701e]: BUSY
[debug] [2020-03-20T18:17:15.602Z] [runtime-status] [24676] Functions runtime initialized. {"cwd":"/home/ivan/local/PersonalRepository/bootcamp/01-Estructura-de-datos/lovable/functions","node_version":"13.11.0"}
[debug] [2020-03-20T18:17:15.604Z] [runtime-status] [24676] Disabled runtime features: {"functions_config_helper":true,"network_filtering":true,"timeout":true,"memory_limiting":true,"admin_stubs":true,"pubsub_emulator":true}
[warn] ⚠  The Cloud Functions emulator requires the module "firebase-admin" to be installed. This package is in your package.json, but it's not available. You probably need to run "npm install" in your functions directory.
[info] i  functions: Your functions could not be parsed due to an issue with your node_modules (see above)
[debug] [2020-03-20T18:17:15.618Z] [worker-~diagnostic~-dd08a265-0d7b-4ad1-9127-b74977c9701e]: exited
[debug] [2020-03-20T18:17:15.618Z] [worker-~diagnostic~-dd08a265-0d7b-4ad1-9127-b74977c9701e]: FINISHED
[debug] [2020-03-20T18:21:33.189Z] ----------------------------------------------------------------------
[debug] [2020-03-20T18:21:33.191Z] Command:       /usr/local/bin/node /usr/local/bin/firebase serve --only functions
[debug] [2020-03-20T18:21:33.191Z] CLI Version:   7.15.1
[debug] [2020-03-20T18:21:33.191Z] Platform:      linux
[debug] [2020-03-20T18:21:33.191Z] Node Version:  v13.11.0
[debug] [2020-03-20T18:21:33.192Z] Time:          Fri Mar 20 2020 15:21:33 GMT-0300 (hora estándar de Argentina)
[debug] [2020-03-20T18:21:33.192Z] ----------------------------------------------------------------------
[debug] [2020-03-20T18:21:33.192Z] 
[debug] [2020-03-20T18:21:33.197Z] > command requires scopes: ["email","openid","https://www.googleapis.com/auth/cloudplatformprojects.readonly","https://www.googleapis.com/auth/firebase","https://www.googleapis.com/auth/cloud-platform"]
[debug] [2020-03-20T18:21:33.197Z] > authorizing via signed-in user
[debug] [2020-03-20T18:21:33.197Z] [iam] checking project lovable-qr for permissions ["firebase.projects.get"]
[debug] [2020-03-20T18:21:33.198Z] >>> HTTP REQUEST POST https://cloudresourcemanager.googleapis.com/v1/projects/lovable-qr:testIamPermissions  

[debug] [2020-03-20T18:21:34.330Z] <<< HTTP RESPONSE 200
[debug] [2020-03-20T18:21:34.334Z] >>> HTTP REQUEST GET https://firebase.googleapis.com/v1beta1/projects/lovable-qr  
 
[debug] [2020-03-20T18:21:34.792Z] <<< HTTP RESPONSE 200
[warn] ⚠  Your requested "node" version "8" doesn't match your global version "13"
[info] ✔  functions: functions emulator started at http://localhost:5000
[info] i  functions: Watching "/home/ivan/local/PersonalRepository/bootcamp/01-Estructura-de-datos/lovable/functions" for Cloud Functions...
[debug] [2020-03-20T18:21:34.839Z] [worker-pool] addWorker(~diagnostic~)
[debug] [2020-03-20T18:21:34.839Z] [worker-pool] Adding worker with key ~diagnostic~, total=1
[debug] [2020-03-20T18:21:34.840Z] [worker-pool] submitWork(triggerId=)
[debug] [2020-03-20T18:21:34.840Z] [worker-~diagnostic~-535da895-3996-4f4c-9e48-d3bd2f0ae1d9]: Assigning socketPath: /tmp/fire_emu_25125.sock
[debug] [2020-03-20T18:21:34.840Z] [worker-~diagnostic~-535da895-3996-4f4c-9e48-d3bd2f0ae1d9]: BUSY
[debug] [2020-03-20T18:21:35.081Z] [runtime-status] [25125] Functions runtime initialized. {"cwd":"/home/ivan/local/PersonalRepository/bootcamp/01-Estructura-de-datos/lovable/functions","node_version":"13.11.0"}
[debug] [2020-03-20T18:21:35.082Z] [runtime-status] [25125] Disabled runtime features: {"functions_config_helper":true,"network_filtering":true,"timeout":true,"memory_limiting":true,"admin_stubs":true,"pubsub_emulator":true}
[debug] [2020-03-20T18:21:35.083Z] [runtime-status] [25125] Resolved module firebase-admin {"declared":true,"installed":true,"version":"8.10.0","resolution":"/home/ivan/local/PersonalRepository/bootcamp/01-Estructura-de-datos/lovable/functions/node_modules/firebase-admin/lib/index.js"}
[debug] [2020-03-20T18:21:35.084Z] [runtime-status] [25125] Resolved module firebase-functions {"declared":true,"installed":true,"version":"3.3.0","resolution":"/home/ivan/local/PersonalRepository/bootcamp/01-Estructura-de-datos/lovable/functions/node_modules/firebase-functions/lib/index.js"}
[debug] [2020-03-20T18:21:35.085Z] [runtime-status] [25125] Resolved module firebase-functions {"declared":true,"installed":true,"version":"3.3.0","resolution":"/home/ivan/local/PersonalRepository/bootcamp/01-Estructura-de-datos/lovable/functions/node_modules/firebase-functions/lib/index.js"}
[warn] ⚠  Error: Cannot find module '../services/config.json'
Require stack:
- /home/ivan/local/PersonalRepository/bootcamp/01-Estructura-de-datos/lovable/functions/src/services/firebase.js
- /home/ivan/local/PersonalRepository/bootcamp/01-Estructura-de-datos/lovable/functions/index.js
- /usr/local/lib/node_modules/firebase-tools/lib/emulator/functionsEmulatorRuntime.js
    at Function.Module._resolveFilename (internal/modules/cjs/loader.js:976:15)
    at Function.Module._load (internal/modules/cjs/loader.js:859:27)
    at Module.require (internal/modules/cjs/loader.js:1036:19)
    at require (internal/modules/cjs/helpers.js:72:18)
    at Object.<anonymous> (/home/ivan/local/PersonalRepository/bootcamp/01-Estructura-de-datos/lovable/functions/src/services/firebase.js:2:24)
    at Module._compile (internal/modules/cjs/loader.js:1147:30)
    at Object.Module._extensions..js (internal/modules/cjs/loader.js:1167:10)
    at Module.load (internal/modules/cjs/loader.js:996:32)
    at Function.Module._load (internal/modules/cjs/loader.js:896:14)
    at Module.require (internal/modules/cjs/loader.js:1036:19)
[warn] ⚠  We were unable to load your functions code. (see above)
[debug] [2020-03-20T18:21:35.193Z] [worker-~diagnostic~-535da895-3996-4f4c-9e48-d3bd2f0ae1d9]: exited
[debug] [2020-03-20T18:21:35.193Z] [worker-~diagnostic~-535da895-3996-4f4c-9e48-d3bd2f0ae1d9]: FINISHED
[debug] [2020-03-20T18:24:32.457Z] File /home/ivan/local/PersonalRepository/bootcamp/01-Estructura-de-datos/lovable/functions/src/services/config.json changed, reloading triggers
[debug] [2020-03-20T18:24:33.458Z] [worker-pool] Cleaned up workers for ~diagnostic~: 1 --> 0
[debug] [2020-03-20T18:24:33.463Z] [worker-pool] addWorker(~diagnostic~)
[debug] [2020-03-20T18:24:33.463Z] [worker-pool] Adding worker with key ~diagnostic~, total=1
[debug] [2020-03-20T18:24:33.463Z] [worker-pool] submitWork(triggerId=)
[debug] [2020-03-20T18:24:33.463Z] [worker-~diagnostic~-35a68956-014c-4acc-abe5-1a1aa4adf935]: Assigning socketPath: /tmp/fire_emu_25370.sock
[debug] [2020-03-20T18:24:33.463Z] [worker-~diagnostic~-35a68956-014c-4acc-abe5-1a1aa4adf935]: BUSY
[debug] [2020-03-20T18:24:33.815Z] [runtime-status] [25370] Functions runtime initialized. {"cwd":"/home/ivan/local/PersonalRepository/bootcamp/01-Estructura-de-datos/lovable/functions","node_version":"13.11.0"}
[debug] [2020-03-20T18:24:33.819Z] [runtime-status] [25370] Disabled runtime features: {"functions_config_helper":true,"network_filtering":true,"timeout":true,"memory_limiting":true,"admin_stubs":true,"pubsub_emulator":true}
[debug] [2020-03-20T18:24:33.822Z] [runtime-status] [25370] Resolved module firebase-admin {"declared":true,"installed":true,"version":"8.10.0","resolution":"/home/ivan/local/PersonalRepository/bootcamp/01-Estructura-de-datos/lovable/functions/node_modules/firebase-admin/lib/index.js"}
[debug] [2020-03-20T18:24:33.823Z] [runtime-status] [25370] Resolved module firebase-functions {"declared":true,"installed":true,"version":"3.3.0","resolution":"/home/ivan/local/PersonalRepository/bootcamp/01-Estructura-de-datos/lovable/functions/node_modules/firebase-functions/lib/index.js"}
[debug] [2020-03-20T18:24:33.827Z] [runtime-status] [25370] Resolved module firebase-functions {"declared":true,"installed":true,"version":"3.3.0","resolution":"/home/ivan/local/PersonalRepository/bootcamp/01-Estructura-de-datos/lovable/functions/node_modules/firebase-functions/lib/index.js"}
[info] ✔  functions[app]: http function initialized (http://localhost:5000/lovable-qr/us-central1/app).
[debug] [2020-03-20T18:24:35.230Z] [worker-~diagnostic~-35a68956-014c-4acc-abe5-1a1aa4adf935]: IDLE
[debug] [2020-03-20T18:24:38.150Z] ----------------------------------------------------------------------
[debug] [2020-03-20T18:24:38.152Z] Command:       /usr/local/bin/node /usr/local/bin/firebase serve --only functions
[debug] [2020-03-20T18:24:38.152Z] CLI Version:   7.15.1
[debug] [2020-03-20T18:24:38.152Z] Platform:      linux
[debug] [2020-03-20T18:24:38.152Z] Node Version:  v13.11.0
[debug] [2020-03-20T18:24:38.153Z] Time:          Fri Mar 20 2020 15:24:38 GMT-0300 (hora estándar de Argentina)
[debug] [2020-03-20T18:24:38.153Z] ----------------------------------------------------------------------
[debug] [2020-03-20T18:24:38.153Z] 
[debug] [2020-03-20T18:24:38.158Z] > command requires scopes: ["email","openid","https://www.googleapis.com/auth/cloudplatformprojects.readonly","https://www.googleapis.com/auth/firebase","https://www.googleapis.com/auth/cloud-platform"]
[debug] [2020-03-20T18:24:38.158Z] > authorizing via signed-in user
[debug] [2020-03-20T18:24:38.158Z] [iam] checking project lovable-qr for permissions ["firebase.projects.get"]
[debug] [2020-03-20T18:24:38.159Z] >>> HTTP REQUEST POST https://cloudresourcemanager.googleapis.com/v1/projects/lovable-qr:testIamPermissions  

[debug] [2020-03-20T18:24:39.367Z] <<< HTTP RESPONSE 200
[debug] [2020-03-20T18:24:39.373Z] >>> HTTP REQUEST GET https://firebase.googleapis.com/v1beta1/projects/lovable-qr  
 
[debug] [2020-03-20T18:24:39.709Z] <<< HTTP RESPONSE 200
[warn] ⚠  Your requested "node" version "8" doesn't match your global version "13"
[info] ✔  functions: functions emulator started at http://localhost:5000
[info] i  functions: Watching "/home/ivan/local/PersonalRepository/bootcamp/01-Estructura-de-datos/lovable/functions" for Cloud Functions...
[debug] [2020-03-20T18:24:39.761Z] [worker-pool] addWorker(~diagnostic~)
[debug] [2020-03-20T18:24:39.761Z] [worker-pool] Adding worker with key ~diagnostic~, total=1
[debug] [2020-03-20T18:24:39.762Z] [worker-pool] submitWork(triggerId=)
[debug] [2020-03-20T18:24:39.762Z] [worker-~diagnostic~-07052c9a-08a9-4d73-b3ee-9319b2000bfc]: Assigning socketPath: /tmp/fire_emu_25395.sock
[debug] [2020-03-20T18:24:39.762Z] [worker-~diagnostic~-07052c9a-08a9-4d73-b3ee-9319b2000bfc]: BUSY
[debug] [2020-03-20T18:24:40.090Z] [runtime-status] [25395] Functions runtime initialized. {"cwd":"/home/ivan/local/PersonalRepository/bootcamp/01-Estructura-de-datos/lovable/functions","node_version":"13.11.0"}
[debug] [2020-03-20T18:24:40.091Z] [runtime-status] [25395] Disabled runtime features: {"functions_config_helper":true,"network_filtering":true,"timeout":true,"memory_limiting":true,"admin_stubs":true,"pubsub_emulator":true}
[debug] [2020-03-20T18:24:40.092Z] [runtime-status] [25395] Resolved module firebase-admin {"declared":true,"installed":true,"version":"8.10.0","resolution":"/home/ivan/local/PersonalRepository/bootcamp/01-Estructura-de-datos/lovable/functions/node_modules/firebase-admin/lib/index.js"}
[debug] [2020-03-20T18:24:40.093Z] [runtime-status] [25395] Resolved module firebase-functions {"declared":true,"installed":true,"version":"3.3.0","resolution":"/home/ivan/local/PersonalRepository/bootcamp/01-Estructura-de-datos/lovable/functions/node_modules/firebase-functions/lib/index.js"}
[debug] [2020-03-20T18:24:40.093Z] [runtime-status] [25395] Resolved module firebase-functions {"declared":true,"installed":true,"version":"3.3.0","resolution":"/home/ivan/local/PersonalRepository/bootcamp/01-Estructura-de-datos/lovable/functions/node_modules/firebase-functions/lib/index.js"}
[info] ✔  functions[app]: http function initialized (http://localhost:5000/lovable-qr/us-central1/app).
[debug] [2020-03-20T18:24:40.376Z] [worker-~diagnostic~-07052c9a-08a9-4d73-b3ee-9319b2000bfc]: IDLE
[debug] [2020-03-20T18:25:00.825Z] [work-queue] {"queueLength":1,"workRunningCount":0}
[debug] [2020-03-20T18:25:00.825Z] [work-queue] {"queueLength":0,"workRunningCount":1}
[debug] [2020-03-20T18:25:00.826Z] Accepted request GET /lovable-qr/us-central1/app --> app
[debug] [2020-03-20T18:25:00.832Z] [worker-pool] addWorker(app)
[debug] [2020-03-20T18:25:00.832Z] [worker-pool] Adding worker with key app, total=1
[debug] [2020-03-20T18:25:00.832Z] [worker-pool] submitWork(triggerId=app)
[debug] [2020-03-20T18:25:00.833Z] [worker-app-af4ff0cc-81f2-4296-bcd5-9072ad7dcdb3]: Assigning socketPath: /tmp/fire_emu_25606.sock
[debug] [2020-03-20T18:25:00.833Z] [worker-app-af4ff0cc-81f2-4296-bcd5-9072ad7dcdb3]: BUSY
[debug] [2020-03-20T18:25:01.444Z] [runtime-status] [25606] Functions runtime initialized. {"cwd":"/home/ivan/local/PersonalRepository/bootcamp/01-Estructura-de-datos/lovable/functions","node_version":"13.11.0"}
[debug] [2020-03-20T18:25:01.446Z] [runtime-status] [25606] Disabled runtime features: {"functions_config_helper":true,"network_filtering":true,"timeout":true,"memory_limiting":true,"admin_stubs":true,"pubsub_emulator":true}
[debug] [2020-03-20T18:25:01.448Z] [runtime-status] [25606] Resolved module firebase-admin {"declared":true,"installed":true,"version":"8.10.0","resolution":"/home/ivan/local/PersonalRepository/bootcamp/01-Estructura-de-datos/lovable/functions/node_modules/firebase-admin/lib/index.js"}
[debug] [2020-03-20T18:25:01.451Z] [runtime-status] [25606] Resolved module firebase-functions {"declared":true,"installed":true,"version":"3.3.0","resolution":"/home/ivan/local/PersonalRepository/bootcamp/01-Estructura-de-datos/lovable/functions/node_modules/firebase-functions/lib/index.js"}
[debug] [2020-03-20T18:25:01.455Z] [runtime-status] [25606] Resolved module firebase-functions {"declared":true,"installed":true,"version":"3.3.0","resolution":"/home/ivan/local/PersonalRepository/bootcamp/01-Estructura-de-datos/lovable/functions/node_modules/firebase-functions/lib/index.js"}
[debug] [2020-03-20T18:25:01.935Z] [runtime-status] [25606] Trigger "app" has been found, beginning invocation!
[info] i  functions: Beginning execution of "app"
[debug] [2020-03-20T18:25:01.936Z] [runtime-status] [25606] triggerDefinition {"httpsTrigger":{},"name":"app","entryPoint":"app"}
[debug] [2020-03-20T18:25:01.936Z] [runtime-status] [25606] Running app in mode HTTPS
[debug] [2020-03-20T18:25:01.941Z] [runtime-status] [25606] Attempting to listen to socketPath: /tmp/fire_emu_25606.sock
[debug] [2020-03-20T18:25:01.945Z] [functions] Runtime ready! Sending request!
[debug] [2020-03-20T18:25:01.953Z] [runtime-status] [25606] Ephemeral server handling GET request
[debug] [2020-03-20T18:25:01.960Z] [runtime-status] [25606] Ephemeral server survived.
[info] i  functions: Finished "app" in ~1s
[debug] [2020-03-20T18:25:01.962Z] [worker-app-af4ff0cc-81f2-4296-bcd5-9072ad7dcdb3]: IDLE
[debug] [2020-03-20T18:25:01.962Z] [work-queue] {"queueLength":0,"workRunningCount":0}
