[debug] [2020-03-20T13:51:35.953Z] ----------------------------------------------------------------------
[debug] [2020-03-20T13:51:35.958Z] Command:       C:\Program Files\nodejs\node.exe C:\Users\Luz Testai\AppData\Roaming\npm\node_modules\firebase-tools\lib\bin\firebase.js serve --only functions
[debug] [2020-03-20T13:51:35.958Z] CLI Version:   7.15.1
[debug] [2020-03-20T13:51:35.958Z] Platform:      win32
[debug] [2020-03-20T13:51:35.958Z] Node Version:  v10.16.0
[debug] [2020-03-20T13:51:35.961Z] Time:          Fri Mar 20 2020 10:51:35 GMT-0300 (GMT-03:00)
[debug] [2020-03-20T13:51:35.961Z] ----------------------------------------------------------------------
[debug] [2020-03-20T13:51:35.961Z] 
[debug] [2020-03-20T13:51:35.987Z] > command requires scopes: ["email","openid","https://www.googleapis.com/auth/cloudplatformprojects.readonly","https://www.googleapis.com/auth/firebase","https://www.googleapis.com/auth/cloud-platform"]
[debug] [2020-03-20T13:51:35.988Z] > authorizing via signed-in user
[debug] [2020-03-20T13:51:35.988Z] [iam] checking project lovable-qr for permissions ["firebase.projects.get"]
[debug] [2020-03-20T13:51:35.989Z] > refreshing access token with scopes: ["email","https://www.googleapis.com/auth/cloud-platform","https://www.googleapis.com/auth/cloudplatformprojects.readonly","https://www.googleapis.com/auth/firebase","openid"]
[debug] [2020-03-20T13:51:35.989Z] >>> HTTP REQUEST POST https://www.googleapis.com/oauth2/v3/token  
 <request body omitted>
[debug] [2020-03-20T13:51:36.220Z] <<< HTTP RESPONSE 200
[debug] [2020-03-20T13:51:36.261Z] >>> HTTP REQUEST POST https://cloudresourcemanager.googleapis.com/v1/projects/lovable-qr:testIamPermissions  

[debug] [2020-03-20T13:51:37.510Z] <<< HTTP RESPONSE 200
[debug] [2020-03-20T13:51:37.511Z] >>> HTTP REQUEST GET https://firebase.googleapis.com/v1beta1/projects/lovable-qr  
 
[debug] [2020-03-20T13:51:37.916Z] <<< HTTP RESPONSE 200
[warn] !  Your requested "node" version "8" doesn't match your global version "10"
[info] +  functions: functions emulator started at http://localhost:5000
[info] i  functions: Watching "C:\Users\Luz Testai\Desktop\Lenovable\lovable\functions" for Cloud Functions...
[debug] [2020-03-20T13:51:40.116Z] [worker-pool] addWorker(~diagnostic~)
[debug] [2020-03-20T13:51:40.117Z] [worker-pool] Adding worker with key ~diagnostic~, total=1
[debug] [2020-03-20T13:51:40.117Z] [worker-pool] submitWork(triggerId=)
[debug] [2020-03-20T13:51:40.117Z] [worker-~diagnostic~-0caf4179-adb7-4df2-b5e3-99937ba90b0d]: Assigning socketPath: \\?\pipe\C:\Users\Luz Testai\Desktop\Lenovable\lovable\functions\7780
[debug] [2020-03-20T13:51:40.118Z] [worker-~diagnostic~-0caf4179-adb7-4df2-b5e3-99937ba90b0d]: BUSY
[debug] [2020-03-20T13:51:40.706Z] [runtime-status] [7780] Functions runtime initialized. {"cwd":"C:\\Users\\Luz Testai\\Desktop\\Lenovable\\lovable\\functions","node_version":"10.16.0"}
[debug] [2020-03-20T13:51:40.707Z] [runtime-status] [7780] Disabled runtime features: {"functions_config_helper":true,"network_filtering":true,"timeout":true,"memory_limiting":true,"admin_stubs":true,"pubsub_emulator":true}
[debug] [2020-03-20T13:51:40.758Z] [runtime-status] [7780] Resolved module firebase-admin {"declared":true,"installed":true,"version":"8.10.0","resolution":"C:\\Users\\Luz Testai\\Desktop\\Lenovable\\lovable\\functions\\node_modules\\firebase-admin\\lib\\index.js"}
[debug] [2020-03-20T13:51:40.767Z] [runtime-status] [7780] Resolved module firebase-functions {"declared":true,"installed":true,"version":"3.3.0","resolution":"C:\\Users\\Luz Testai\\Desktop\\Lenovable\\lovable\\functions\\node_modules\\firebase-functions\\lib\\index.js"}
[debug] [2020-03-20T13:51:40.768Z] [runtime-status] [7780] Resolved module firebase-functions {"declared":true,"installed":true,"version":"3.3.0","resolution":"C:\\Users\\Luz Testai\\Desktop\\Lenovable\\lovable\\functions\\node_modules\\firebase-functions\\lib\\index.js"}
